  Lab_1_Source.c
C:\Users\zacht\OneDrive\Desktop\Work\School\Computer Apps\Labs\Lab_1\Lab_1_Source.c(110,11): warning C4477: 'scanf' : format string '%i' requires an argument of type 'int *', but variadic argument 1 has type 'char (*)[10]'
C:\Users\zacht\OneDrive\Desktop\Work\School\Computer Apps\Labs\Lab_1\Lab_1_Source.c(110,11): message : consider using '%hhi' in the format string
C:\Users\zacht\OneDrive\Desktop\Work\School\Computer Apps\Labs\Lab_1\Lab_1_Source.c(132,38): warning C4244: '=': conversion from 'double' to 'float', possible loss of data
C:\Users\zacht\OneDrive\Desktop\Work\School\Computer Apps\Labs\Lab_1\Lab_1_Source.c(151,77): warning C4244: '=': conversion from 'double' to 'float', possible loss of data
C:\Users\zacht\OneDrive\Desktop\Work\School\Computer Apps\Labs\Lab_1\Lab_1_Source.c(154,40): warning C4244: '=': conversion from 'double' to 'float', possible loss of data
C:\Users\zacht\OneDrive\Desktop\Work\School\Computer Apps\Labs\Lab_1\Lab_1_Source.c(187,29): warning C4244: 'return': conversion from 'double' to 'float', possible loss of data
C:\Users\zacht\OneDrive\Desktop\Work\School\Computer Apps\Labs\Lab_1\Lab_1_Source.c(200,1): warning C4244: 'initializing': conversion from 'double' to 'float', possible loss of data
C:\Users\zacht\OneDrive\Desktop\Work\School\Computer Apps\Labs\Lab_1\Lab_1_Source.c(218,63): warning C4244: '=': conversion from 'double' to 'float', possible loss of data
C:\Users\zacht\OneDrive\Desktop\Work\School\Computer Apps\Labs\Lab_1\Lab_1_Source.c(238,53): warning C4244: '=': conversion from 'double' to 'float', possible loss of data
C:\Users\zacht\OneDrive\Desktop\Work\School\Computer Apps\Labs\Lab_1\Lab_1_Source.c(241,43): warning C4244: '=': conversion from 'double' to 'float', possible loss of data
C:\Users\zacht\OneDrive\Desktop\Work\School\Computer Apps\Labs\Lab_1\Lab_1_Source.c(259,27): warning C4244: '=': conversion from 'double' to 'float', possible loss of data
C:\Users\zacht\OneDrive\Desktop\Work\School\Computer Apps\Labs\Lab_1\Lab_1_Source.c(260,27): warning C4244: '=': conversion from 'double' to 'float', possible loss of data
C:\Users\zacht\OneDrive\Desktop\Work\School\Computer Apps\Labs\Lab_1\Lab_1_Source.c(264,40): warning C4244: '=': conversion from 'double' to 'float', possible loss of data
C:\Users\zacht\OneDrive\Desktop\Work\School\Computer Apps\Labs\Lab_1\Lab_1_Source.c(286,27): warning C4244: '=': conversion from 'double' to 'float', possible loss of data
C:\Users\zacht\OneDrive\Desktop\Work\School\Computer Apps\Labs\Lab_1\Lab_1_Source.c(287,27): warning C4244: '=': conversion from 'double' to 'float', possible loss of data
C:\Users\zacht\OneDrive\Desktop\Work\School\Computer Apps\Labs\Lab_1\Lab_1_Source.c(314,39): warning C4244: '=': conversion from 'double' to 'float', possible loss of data
C:\Users\zacht\OneDrive\Desktop\Work\School\Computer Apps\Labs\Lab_1\Lab_1_Source.c(328,34): warning C4244: '=': conversion from 'double' to 'float', possible loss of data
C:\Users\zacht\OneDrive\Desktop\Work\School\Computer Apps\Labs\Lab_1\Lab_1_Source.c(331,34): warning C4244: '=': conversion from 'double' to 'float', possible loss of data
  Lab_1.vcxproj -> C:\Users\zacht\OneDrive\Desktop\Work\School\Computer Apps\Labs\Lab_1\Debug\Lab_1.exe
